<?xml version="1.0" encoding="UTF-8"?>
<!-- Generated by org.testng.reporters.JUnitReportReporter -->
<testsuite hostname="IN2132738W1" failures="0" tests="1" name="test.RestAssuredApiTest" time="2.524" errors="0" timestamp="2023-01-20T12:55:59 IST" skipped="0">
  <testcase classname="test.RestAssuredApiTest" name="getUsers" time="2.524"/>
  <system-out/>
</testsuite> <!-- test.RestAssuredApiTest -->
